<?xml version="1.0" encoding="UTF-8"?>
<!-- Generated by org.testng.reporters.JUnitReportReporter -->
<testsuite hostname="DESKTOP-LGKD9GQ" failures="0" tests="11" name="com.testng.Zoho_TestNG4ParameterBase_CO_WDM" time="10.019" errors="0" timestamp="2022-11-23T19:50:04 IST" skipped="0">
  <testcase classname="com.testng.Zoho_TestNG4ParameterBase_CO_WDM" name="endSession" time="0.263"/>
  <system-out/>
  <testcase classname="com.testng.Zoho_TestNG4ParameterBase_CO_WDM" name="go_to_zoho_homepage_sendEmail" time="0.096"/>
  <system-out/>
  <testcase classname="com.testng.Zoho_TestNG4ParameterBase_CO_WDM" name="go_to_zoho_homepage_sendMobileNo" time="0.143"/>
  <system-out/>
  <testcase classname="com.testng.Zoho_TestNG4ParameterBase_CO_WDM" name="afterTest_Execution" time="0.106"/>
  <system-out/>
  <testcase classname="com.testng.Zoho_TestNG4ParameterBase_CO_WDM" name="go_to_zoho_homepage_sendPassword" time="0.117"/>
  <system-out/>
  <testcase classname="com.testng.Zoho_TestNG4ParameterBase_CO_WDM" name="go_to_zoho_homepage_sendTandC" time="0.035"/>
  <system-out/>
  <testcase classname="com.testng.Zoho_TestNG4ParameterBase_CO_WDM" name="click_submit_takescreenshot" time="3.284"/>
  <system-out/>
  <testcase classname="com.testng.Zoho_TestNG4ParameterBase_CO_WDM" name="go_to_zoho_homepage_sendSignUp" time="0.086"/>
  <system-out/>
  <testcase classname="com.testng.Zoho_TestNG4ParameterBase_CO_WDM" name="beforeSuite_execution" time="2.032"/>
  <system-out/>
  <testcase classname="com.testng.Zoho_TestNG4ParameterBase_CO_WDM" name="browserLaunch" time="2.305"/>
  <system-out/>
  <testcase classname="com.testng.Zoho_TestNG4ParameterBase_CO_WDM" name="login_page" time="1.552"/>
  <system-out/>
</testsuite> <!-- com.testng.Zoho_TestNG4ParameterBase_CO_WDM -->
