<?xml version="1.0" encoding="UTF-8"?>
<!-- Generated by org.testng.reporters.JUnitReportReporter -->
<testsuite hostname="DESKTOP-KKDT01F" failures="0" tests="11" name="com.testng.Zoho_TestNG3ParameterBaseCO_WDM" time="18.804" errors="0" timestamp="2022-11-15T00:48:47 IST" skipped="0">
  <testcase classname="com.testng.Zoho_TestNG3ParameterBaseCO_WDM" name="click_submit_takescreenshot" time="3.248"/>
  <system-out/>
  <testcase classname="com.testng.Zoho_TestNG3ParameterBaseCO_WDM" name="beforeSuite_execution" time="3.753"/>
  <system-out/>
  <testcase classname="com.testng.Zoho_TestNG3ParameterBaseCO_WDM" name="go_to_zoho_homepage_sendSignUp" time="0.097"/>
  <system-out/>
  <testcase classname="com.testng.Zoho_TestNG3ParameterBaseCO_WDM" name="go_to_zoho_homepage_sendDetails" time="0.318"/>
  <system-out/>
  <testcase classname="com.testng.Zoho_TestNG3ParameterBaseCO_WDM" name="afterTest_Execution" time="0.032"/>
  <system-out/>
  <testcase classname="com.testng.Zoho_TestNG3ParameterBaseCO_WDM" name="endSession" time="0.267"/>
  <system-out/>
  <testcase classname="com.testng.Zoho_TestNG3ParameterBaseCO_WDM" name="go_to_zoho_homepage_sendDetails" time="0.433"/>
  <system-out/>
  <testcase classname="com.testng.Zoho_TestNG3ParameterBaseCO_WDM" name="go_to_zoho_homepage_sendDetails" time="0.264"/>
  <system-out/>
  <testcase classname="com.testng.Zoho_TestNG3ParameterBaseCO_WDM" name="go_to_zoho_homepage_sendTandC" time="0.026"/>
  <system-out/>
  <testcase classname="com.testng.Zoho_TestNG3ParameterBaseCO_WDM" name="browserLaunch" time="9.298"/>
  <system-out/>
  <testcase classname="com.testng.Zoho_TestNG3ParameterBaseCO_WDM" name="login_page" time="1.068"/>
  <system-out/>
</testsuite> <!-- com.testng.Zoho_TestNG3ParameterBaseCO_WDM -->
