<?xml version="1.0" encoding="UTF-8"?>
<!-- Generated by org.testng.reporters.JUnitReportReporter -->
<testsuite hostname="DESKTOP-KKDT01F" failures="0" tests="2" name="com.testNG3.NewTest" time="0.019" errors="0" timestamp="2022-11-13T19:35:38 IST" skipped="0">
  <testcase classname="com.testNG3.NewTest" name="method1" time="0.018"/>
  <system-out/>
  <testcase classname="com.testNG3.NewTest" name="method2" time="0.001"/>
  <system-out/>
</testsuite> <!-- com.testNG3.NewTest -->
