<?xml version="1.0" encoding="UTF-8"?>
<!-- Generated by org.testng.reporters.JUnitReportReporter -->
<testsuite hostname="DESKTOP-KKDT01F" failures="0" tests="11" name="com.testng.Zoho_TestNG3" time="16.291" errors="0" timestamp="2022-11-11T20:30:07 IST" skipped="0">
  <testcase classname="com.testng.Zoho_TestNG3" name="go_to_zoho_homepage_sendMobileNo" time="0.302"/>
  <system-out/>
  <testcase classname="com.testng.Zoho_TestNG3" name="afterTest_Execution" time="0.186"/>
  <system-out/>
  <testcase classname="com.testng.Zoho_TestNG3" name="click_submit_takescreenshot" time="3.683"/>
  <system-out/>
  <testcase classname="com.testng.Zoho_TestNG3" name="go_to_zoho_homepage_sendEmail" time="0.674"/>
  <system-out/>
  <testcase classname="com.testng.Zoho_TestNG3" name="beforeSuite_execution" time="4.407"/>
  <system-out/>
  <testcase classname="com.testng.Zoho_TestNG3" name="endSession" time="0.525"/>
  <system-out/>
  <testcase classname="com.testng.Zoho_TestNG3" name="go_to_zoho_homepage_sendTandC" time="0.080"/>
  <system-out/>
  <testcase classname="com.testng.Zoho_TestNG3" name="browserLaunch" time="3.044"/>
  <system-out/>
  <testcase classname="com.testng.Zoho_TestNG3" name="go_to_zoho_homepage_sendPassword" time="0.441"/>
  <system-out/>
  <testcase classname="com.testng.Zoho_TestNG3" name="go_to_zoho_homepage_sendSignUp" time="0.262"/>
  <system-out/>
  <testcase classname="com.testng.Zoho_TestNG3" name="login_page" time="2.687"/>
  <system-out/>
</testsuite> <!-- com.testng.Zoho_TestNG3 -->
