<?xml version="1.0" encoding="UTF-8"?>
<!-- Generated by org.testng.reporters.JUnitReportReporter -->
<testsuite hostname="DESKTOP-KKDT01F" failures="0" tests="11" name="com.testng.zoho3" time="12.338" errors="0" timestamp="2022-11-11T20:38:01 IST" skipped="3">
  <testcase classname="com.testng.zoho3" name="click_submit_takescreenshot" time="0.000">
    <skipped/>
  </testcase> <!-- click_submit_takescreenshot -->
  <system-out/>
  <testcase classname="com.testng.zoho3" name="afterTest_Execution" time="0.000">
    <skipped/>
  </testcase> <!-- afterTest_Execution -->
  <system-out/>
  <testcase classname="com.testng.zoho3" name="go_to_zoho_homepage_sendEmail" time="1.086"/>
  <system-out/>
  <testcase classname="com.testng.zoho3" name="go_to_zoho_homepage_sendMobileNo" time="0.377"/>
  <system-out/>
  <testcase classname="com.testng.zoho3" name="beforeSuite_execution" time="3.067"/>
  <system-out/>
  <testcase classname="com.testng.zoho3" name="browserLaunch" time="3.633"/>
  <system-out/>
  <testcase classname="com.testng.zoho3" name="go_to_zoho_homepage_sendTandC" time="0.138"/>
  <system-out/>
  <testcase classname="com.testng.zoho3" name="go_to_zoho_homepage_sendPassword" time="0.465"/>
  <system-out/>
  <testcase classname="com.testng.zoho3" name="endSession" time="0.000">
    <skipped/>
  </testcase> <!-- endSession -->
  <system-out/>
  <testcase classname="com.testng.zoho3" name="go_to_zoho_homepage_sendSignUp" time="0.558"/>
  <system-out/>
  <testcase classname="com.testng.zoho3" name="login_page" time="3.014"/>
  <system-out/>
</testsuite> <!-- com.testng.zoho3 -->
