<?xml version="1.0" encoding="UTF-8"?>
<!-- Generated by org.testng.reporters.JUnitReportReporter -->
<testsuite hostname="DESKTOP-KKDT01F" failures="0" tests="2" name="com.testng.Amazon_TestNG" time="7.867" errors="0" timestamp="2022-11-08T18:27:13 IST" skipped="0">
  <testcase classname="com.testng.Amazon_TestNG" name="click_submit_takescreenshot" time="3.424"/>
  <system-out/>
  <testcase classname="com.testng.Amazon_TestNG" name="go_to_zoho_homepage_sendInputs" time="4.443"/>
  <system-out/>
</testsuite> <!-- com.testng.Amazon_TestNG -->
