<?xml version="1.0" encoding="UTF-8"?>
<!-- Generated by org.testng.reporters.JUnitReportReporter -->
<testsuite hostname="DESKTOP-KKDT01F" failures="0" tests="11" name="com.testng.Zoho_TestNG2" time="94.267" errors="0" timestamp="2022-11-17T09:16:21 IST" skipped="6">
  <testcase classname="com.testng.Zoho_TestNG2" name="go_to_zoho_homepage_sendSignUp" time="0.000">
    <skipped/>
  </testcase> <!-- go_to_zoho_homepage_sendSignUp -->
  <system-out/>
  <testcase classname="com.testng.Zoho_TestNG2" name="go_to_zoho_homepage_sendPassword" time="0.768"/>
  <system-out/>
  <testcase classname="com.testng.Zoho_TestNG2" name="beforeSuite_execution" time="32.116"/>
  <system-out/>
  <testcase classname="com.testng.Zoho_TestNG2" name="go_to_zoho_homepage_sendMobileNo" time="0.000">
    <skipped/>
  </testcase> <!-- go_to_zoho_homepage_sendMobileNo -->
  <system-out/>
  <testcase classname="com.testng.Zoho_TestNG2" name="click_submit_takescreenshot" time="0.000">
    <skipped/>
  </testcase> <!-- click_submit_takescreenshot -->
  <system-out/>
  <testcase classname="com.testng.Zoho_TestNG2" name="go_to_zoho_homepage_sendEmail" time="17.807"/>
  <system-out/>
  <testcase classname="com.testng.Zoho_TestNG2" name="go_to_zoho_homepage_sendTandC" time="0.000">
    <skipped/>
  </testcase> <!-- go_to_zoho_homepage_sendTandC -->
  <system-out/>
  <testcase classname="com.testng.Zoho_TestNG2" name="endSession" time="0.000">
    <skipped/>
  </testcase> <!-- endSession -->
  <system-out/>
  <testcase classname="com.testng.Zoho_TestNG2" name="afterTest_Execution" time="0.000">
    <skipped/>
  </testcase> <!-- afterTest_Execution -->
  <system-out/>
  <testcase classname="com.testng.Zoho_TestNG2" name="browserLaunch" time="33.003"/>
  <system-out/>
  <testcase classname="com.testng.Zoho_TestNG2" name="login_page" time="10.573"/>
  <system-out/>
</testsuite> <!-- com.testng.Zoho_TestNG2 -->
