<?xml version="1.0" encoding="UTF-8"?>
<!-- Generated by org.testng.reporters.JUnitReportReporter -->
<testsuite hostname="DESKTOP-KKDT01F" failures="0" tests="11" name="com.testng.Zoho_TestNG3Parameter" time="25.949" errors="0" timestamp="2022-11-14T00:57:23 IST" skipped="0">
  <testcase classname="com.testng.Zoho_TestNG3Parameter" name="click_submit_takescreenshot" time="3.348"/>
  <system-out/>
  <testcase classname="com.testng.Zoho_TestNG3Parameter" name="beforeSuite_execution" time="11.125"/>
  <system-out/>
  <testcase classname="com.testng.Zoho_TestNG3Parameter" name="go_to_zoho_homepage_sendTandC" time="0.052"/>
  <system-out/>
  <testcase classname="com.testng.Zoho_TestNG3Parameter" name="go_to_zoho_homepage_sendSignUp" time="0.178"/>
  <system-out/>
  <testcase classname="com.testng.Zoho_TestNG3Parameter" name="go_to_zoho_homepage_sendMobileNo" time="0.167"/>
  <system-out/>
  <testcase classname="com.testng.Zoho_TestNG3Parameter" name="endSession" time="0.415"/>
  <system-out/>
  <testcase classname="com.testng.Zoho_TestNG3Parameter" name="afterTest_Execution" time="0.119"/>
  <system-out/>
  <testcase classname="com.testng.Zoho_TestNG3Parameter" name="go_to_zoho_homepage_sendEmail" time="0.323"/>
  <system-out/>
  <testcase classname="com.testng.Zoho_TestNG3Parameter" name="go_to_zoho_homepage_sendPassword" time="0.199"/>
  <system-out/>
  <testcase classname="com.testng.Zoho_TestNG3Parameter" name="browserLaunch" time="7.084"/>
  <system-out/>
  <testcase classname="com.testng.Zoho_TestNG3Parameter" name="login_page" time="2.939"/>
  <system-out/>
</testsuite> <!-- com.testng.Zoho_TestNG3Parameter -->
