<?xml version="1.0" encoding="UTF-8"?>
<!-- Generated by org.testng.reporters.JUnitReportReporter -->
<testsuite hostname="DESKTOP-KKDT01F" failures="0" tests="2" name="com.testng.Zoho_TestNG" time="6.977" errors="0" timestamp="2022-11-11T20:16:13 IST" skipped="0">
  <testcase classname="com.testng.Zoho_TestNG" name="click_submit_takescreenshot" time="3.381"/>
  <system-out/>
  <testcase classname="com.testng.Zoho_TestNG" name="go_to_zoho_homepage_sendInputs" time="3.596"/>
  <system-out/>
</testsuite> <!-- com.testng.Zoho_TestNG -->
